<?xml version="1.0" ?>
<!DOCTYPE coverage SYSTEM "http://cobertura.sourceforge.net/xml/coverage-04.dtd">
<coverage lines-valid="5" lines-covered="5" line-rate="1" branches-valid="4" branches-covered="4" branch-rate="1" timestamp="1575020876962" complexity="0" version="0.1">
  <sources>
    <source>/Users/samover/Projects/CURRENT/CLOUDWAY/JMC/edit-profile-lambda/packages/@jmc/logger</source>
  </sources>
  <packages>
    <class name="logger.ts" filename="src/logger.ts" line-rate="1" branch-rate="1">
      <methods>
        <method name="(anonymous_0)" hits="4" signature="()V">
          <lines>
            <line number="3" hits="4"/>
          </lines>
        </method>
      </methods>
      <lines>
        <line number="1" hits="4" branch="false"/>
        <line number="3" hits="4" branch="false"/>
        <line number="5" hits="4" branch="true" condition-coverage="100% (4/4)"/>
        <line number="6" hits="3" branch="false"/>
        <line number="10" hits="4" branch="false"/>
      </lines>
    </class>
  </packages>
</coverage>
