{"/Users/samover/Projects/CURRENT/CLOUDWAY/JMC/edit-profile-lambda/packages/@jmc/logger/src/logger.ts": {"path":"/Users/samover/Projects/CURRENT/CLOUDWAY/JMC/edit-profile-lambda/packages/@jmc/logger/src/logger.ts","statementMap":{"0":{"start":{"line":1,"column":0},"end":{"line":1,"column":33}},"1":{"start":{"line":3,"column":20},"end":{"line":8,"column":1}},"2":{"start":{"line":5,"column":4},"end":{"line":5,"column":null}},"3":{"start":{"line":5,"column":80},"end":{"line":5,"column":128}},"4":{"start":{"line":6,"column":4},"end":{"line":6,"column":23}},"5":{"start":{"line":10,"column":13},"end":{"line":13,"column":3}}},"fnMap":{"0":{"name":"(anonymous_0)","decl":{"start":{"line":3,"column":20},"end":{"line":3,"column":40}},"loc":{"start":{"line":3,"column":42},"end":{"line":8,"column":1}}}},"branchMap":{"0":{"loc":{"start":{"line":5,"column":4},"end":{"line":5,"column":null}},"type":"if","locations":[{"start":{"line":5,"column":4},"end":{"line":5,"column":null}},{"start":{"line":5,"column":4},"end":{"line":5,"column":null}}]},"1":{"loc":{"start":{"line":5,"column":8},"end":{"line":5,"column":29}},"type":"binary-expr","locations":[{"start":{"line":5,"column":8},"end":{"line":5,"column":29}},{"start":{"line":5,"column":33},"end":{"line":5,"column":76}}]}},"s":{"0":4,"1":4,"2":4,"3":1,"4":3,"5":4},"f":{"0":4},"b":{"0":[1,3],"1":[4,2]}}
}
